[GIN-debug] [WARNING] Creating an Engine instance with the Logger and Recovery middleware already attached.

[GIN-debug] [WARNING] Running in "debug" mode. Switch to "release" mode in production.
 - using env:	export GIN_MODE=release
 - using code:	gin.SetMode(gin.ReleaseMode)

[GIN-debug] GET    /v1/todo                  --> todo-app/controllers.GetTodos (3 handlers)
[GIN-debug] POST   /v1/todo                  --> todo-app/controllers.CreateATodo (3 handlers)
[GIN-debug] GET    /v1/todo/:id              --> todo-app/controllers.GetATodo (3 handlers)
[GIN-debug] PUT    /v1/todo/:id              --> todo-app/controllers.UpdateATodo (3 handlers)
[GIN-debug] DELETE /v1/todo/:id              --> todo-app/controllers.DeleteATodo (3 handlers)
[GIN-debug] Environment variable PORT is undefined. Using port :8080 by default
[GIN-debug] Listening and serving HTTP on :8080
[GIN] 2021/09/23 - 17:14:14 | 200 |    1.053083ms |             ::1 | GET      "/v1/todo"
[GIN] 2021/09/23 - 17:14:14 | 404 |         649ns |             ::1 | GET      "/favicon.ico"
[GIN] 2021/09/23 - 17:15:06 | 200 |     369.515µs |             ::1 | GET      "/v1/todo"
[GIN] 2021/09/23 - 17:15:43 | 200 |      2.3603ms |             ::1 | POST     "/v1/todo"
[GIN] 2021/09/23 - 17:15:58 | 200 |     393.953µs |             ::1 | GET      "/v1/todo"
[GIN] 2021/09/23 - 17:16:24 | 200 |    2.108955ms |             ::1 | POST     "/v1/todo"
[GIN] 2021/09/23 - 17:16:28 | 200 |     384.609µs |             ::1 | GET      "/v1/todo"
[GIN] 2021/09/23 - 17:17:01 | 200 |    2.326182ms |             ::1 | PUT      "/v1/todo/1"
[GIN] 2021/09/23 - 17:17:08 | 200 |     403.636µs |             ::1 | GET      "/v1/todo"
[GIN] 2021/09/23 - 17:17:28 | 200 |     499.848µs |             ::1 | GET      "/v1/todo/1"
